Python: /storage/homefs/ns12l060/.conda/envs/mialab/bin/python
Environment: mialab
Requirement already satisfied: scikit-learn in /storage/homefs/ns12l060/.conda/envs/mialab/lib/python3.14/site-packages (1.7.2)
Requirement already satisfied: pymia in /storage/homefs/ns12l060/.conda/envs/mialab/lib/python3.14/site-packages (0.3.4)
Requirement already satisfied: pathos in /storage/homefs/ns12l060/.conda/envs/mialab/lib/python3.14/site-packages (0.3.4)
Requirement already satisfied: pandas in /storage/homefs/ns12l060/.conda/envs/mialab/lib/python3.14/site-packages (2.3.3)
Requirement already satisfied: matplotlib in /storage/homefs/ns12l060/.conda/envs/mialab/lib/python3.14/site-packages (3.10.7)
Collecting seaborn
  Using cached seaborn-0.13.2-py3-none-any.whl.metadata (5.4 kB)
Requirement already satisfied: numpy>=1.22.0 in /storage/homefs/ns12l060/.conda/envs/mialab/lib/python3.14/site-packages (from scikit-learn) (2.3.4)
Requirement already satisfied: scipy>=1.8.0 in /storage/homefs/ns12l060/.conda/envs/mialab/lib/python3.14/site-packages (from scikit-learn) (1.16.2)
Requirement already satisfied: joblib>=1.2.0 in /storage/homefs/ns12l060/.conda/envs/mialab/lib/python3.14/site-packages (from scikit-learn) (1.5.2)
Requirement already satisfied: threadpoolctl>=3.1.0 in /storage/homefs/ns12l060/.conda/envs/mialab/lib/python3.14/site-packages (from scikit-learn) (3.6.0)
Requirement already satisfied: h5py>=2.10.0 in /storage/homefs/ns12l060/.conda/envs/mialab/lib/python3.14/site-packages (from pymia) (3.15.1)
Requirement already satisfied: scikit-image>=0.17.2 in /storage/homefs/ns12l060/.conda/envs/mialab/lib/python3.14/site-packages (from pymia) (0.25.2)
Requirement already satisfied: SimpleITK>=1.2.3 in /storage/homefs/ns12l060/.conda/envs/mialab/lib/python3.14/site-packages (from pymia) (2.5.2)
Requirement already satisfied: ppft>=1.7.7 in /storage/homefs/ns12l060/.conda/envs/mialab/lib/python3.14/site-packages (from pathos) (1.7.7)
Requirement already satisfied: dill>=0.4.0 in /storage/homefs/ns12l060/.conda/envs/mialab/lib/python3.14/site-packages (from pathos) (0.4.0)
Requirement already satisfied: pox>=0.3.6 in /storage/homefs/ns12l060/.conda/envs/mialab/lib/python3.14/site-packages (from pathos) (0.3.6)
Requirement already satisfied: multiprocess>=0.70.18 in /storage/homefs/ns12l060/.conda/envs/mialab/lib/python3.14/site-packages (from pathos) (0.70.18)
Requirement already satisfied: python-dateutil>=2.8.2 in /storage/homefs/ns12l060/.conda/envs/mialab/lib/python3.14/site-packages (from pandas) (2.9.0.post0)
Requirement already satisfied: pytz>=2020.1 in /storage/homefs/ns12l060/.conda/envs/mialab/lib/python3.14/site-packages (from pandas) (2025.2)
Requirement already satisfied: tzdata>=2022.7 in /storage/homefs/ns12l060/.conda/envs/mialab/lib/python3.14/site-packages (from pandas) (2025.2)
Requirement already satisfied: contourpy>=1.0.1 in /storage/homefs/ns12l060/.conda/envs/mialab/lib/python3.14/site-packages (from matplotlib) (1.3.3)
Requirement already satisfied: cycler>=0.10 in /storage/homefs/ns12l060/.conda/envs/mialab/lib/python3.14/site-packages (from matplotlib) (0.12.1)
Requirement already satisfied: fonttools>=4.22.0 in /storage/homefs/ns12l060/.conda/envs/mialab/lib/python3.14/site-packages (from matplotlib) (4.60.1)
Requirement already satisfied: kiwisolver>=1.3.1 in /storage/homefs/ns12l060/.conda/envs/mialab/lib/python3.14/site-packages (from matplotlib) (1.4.9)
Requirement already satisfied: packaging>=20.0 in /storage/homefs/ns12l060/.conda/envs/mialab/lib/python3.14/site-packages (from matplotlib) (25.0)
Requirement already satisfied: pillow>=8 in /storage/homefs/ns12l060/.conda/envs/mialab/lib/python3.14/site-packages (from matplotlib) (12.0.0)
Requirement already satisfied: pyparsing>=3 in /storage/homefs/ns12l060/.conda/envs/mialab/lib/python3.14/site-packages (from matplotlib) (3.2.5)
Requirement already satisfied: six>=1.5 in /storage/homefs/ns12l060/.conda/envs/mialab/lib/python3.14/site-packages (from python-dateutil>=2.8.2->pandas) (1.17.0)
Requirement already satisfied: networkx>=3.0 in /storage/homefs/ns12l060/.conda/envs/mialab/lib/python3.14/site-packages (from scikit-image>=0.17.2->pymia) (3.5)
Requirement already satisfied: imageio!=2.35.0,>=2.33 in /storage/homefs/ns12l060/.conda/envs/mialab/lib/python3.14/site-packages (from scikit-image>=0.17.2->pymia) (2.37.0)
Requirement already satisfied: tifffile>=2022.8.12 in /storage/homefs/ns12l060/.conda/envs/mialab/lib/python3.14/site-packages (from scikit-image>=0.17.2->pymia) (2025.10.16)
Requirement already satisfied: lazy-loader>=0.4 in /storage/homefs/ns12l060/.conda/envs/mialab/lib/python3.14/site-packages (from scikit-image>=0.17.2->pymia) (0.4)
Using cached seaborn-0.13.2-py3-none-any.whl (294 kB)
Installing collected packages: seaborn
Successfully installed seaborn-0.13.2
Starting ablation experiments...
============================================================
STARTING ABLATION STUDY
============================================================
Atlas data: ./data/atlas
Training data: ./data/train
Test data: ./data/test
Optimization: none
Study type: postprocessing
Output directory: ./ablation_experiments
============================================================
Starting Comprehensive Ablation Study
============================================================
Study type: postprocessing
Optimization level: none
Using default Random Forest parameters (no optimization)

Running 9 experiments

Experiment Plan:
  0: No postprocessing (baseline)
  1: Default postprocessing (min_size=5, kernel=1)
  2: Conservative (min_size=3, strict retention)
  3: Aggressive (min_size=15, large kernel)
  4: Per-tissue: Hippocampus-focused
  5: Per-tissue: Balanced
  6: Anisotropic kernel (2,2,1)
  7: Large isotropic kernel (3,3,3)
  8: Optimal: Per-tissue + anisotropic

============================================================
Running Experiment 0/8: post_none
Description: No postprocessing (baseline)
============================================================
Running experiment: exp_00_post_none
Description: No postprocessing (baseline)
----- Training...
---------- Processing 113922
---------- Processing 100307
---------- Processing 110411
---------- Processing 100408
---------- Processing 101107
---------- Processing 101915
---------- Processing 101309
---------- Processing 108828
---------- Processing 103414
---------- Processing 115320
---------- Processing 103111
---------- Processing 113619
---------- Processing 111312
---------- Processing 106016
---------- Processing 111716
---------- Processing 114419
---------- Processing 116524
---------- Processing 105115
---------- Processing 105014
---------- Processing 103818
Training Random Forest with 100 trees, max_depth=None, max_features=sqrt (out of 7 total features)
 Time elapsed: 1.2699778870446607 s
 Training data cleaned from memory
----- Testing...
---------- Processing 118730
---------- Processing 117122
---------- Processing 120111
---------- Processing 122620
---------- Processing 124422
---------- Processing 118528
---------- Processing 123117
---------- Processing 122317
---------- Processing 123925
---------- Processing 118932
---------- Testing 118730
 Time elapsed: 10.318964308011346 s
---------- Testing 117122
 Time elapsed: 10.328065986046568 s
---------- Testing 120111
 Time elapsed: 10.344389564939775 s
---------- Testing 122620
 Time elapsed: 10.363144190981984 s
---------- Testing 124422
 Time elapsed: 10.300639434950426 s
---------- Testing 118528
 Time elapsed: 10.345807115081698 s
---------- Testing 123117
 Time elapsed: 10.352055841009133 s
---------- Testing 122317
 Time elapsed: 10.321517284028232 s
---------- Testing 123925
 Time elapsed: 10.281763950013556 s
---------- Testing 118932
 Time elapsed: 10.399600208969787 s
---------- Post-processing 118730
---------- Post-processing 117122
---------- Post-processing 120111
---------- Post-processing 122620
---------- Post-processing 124422
---------- Post-processing 118528
---------- Post-processing 123117
---------- Post-processing 122317
---------- Post-processing 123925
---------- Post-processing 118932
Results saved to ./ablation_experiments/exp_00_post_none/2025-10-25-20-11-28/results.csv with 100 measurements

Subject-wise results...
SUBJECT    LABEL        DICE   HDRFDST
117122     Amygdala     0.403  12.728 
117122     GreyMatter   0.595  3.742  
117122     Hippocampus  0.515  13.191 
117122     Thalamus     0.762  7.810  
117122     WhiteMatter  0.767  4.472  
117122-PP  Amygdala     0.403  12.728 
117122-PP  GreyMatter   0.595  3.742  
117122-PP  Hippocampus  0.515  13.191 
117122-PP  Thalamus     0.762  7.810  
117122-PP  WhiteMatter  0.767  4.472  
118528     Amygdala     0.415  13.038 
118528     GreyMatter   0.629  3.742  
118528     Hippocampus  0.506  14.629 
118528     Thalamus     0.751  6.708  
118528     WhiteMatter  0.781  3.606  
118528-PP  Amygdala     0.415  13.038 
118528-PP  GreyMatter   0.629  3.742  
118528-PP  Hippocampus  0.506  14.629 
118528-PP  Thalamus     0.751  6.708  
118528-PP  WhiteMatter  0.781  3.606  
118730     Amygdala     0.488  11.000 
118730     GreyMatter   0.629  3.317  
118730     Hippocampus  0.474  12.369 
118730     Thalamus     0.743  7.348  
118730     WhiteMatter  0.757  4.123  
118730-PP  Amygdala     0.488  11.000 
118730-PP  GreyMatter   0.629  3.317  
118730-PP  Hippocampus  0.474  12.369 
118730-PP  Thalamus     0.743  7.348  
118730-PP  WhiteMatter  0.757  4.123  
118932     Amygdala     0.481  12.042 
118932     GreyMatter   0.636  3.317  
118932     Hippocampus  0.493  12.369 
118932     Thalamus     0.767  6.325  
118932     WhiteMatter  0.768  4.123  
118932-PP  Amygdala     0.481  12.042 
118932-PP  GreyMatter   0.636  3.317  
118932-PP  Hippocampus  0.493  12.369 
118932-PP  Thalamus     0.767  6.325  
118932-PP  WhiteMatter  0.768  4.123  
120111     Amygdala     0.450  9.000  
120111     GreyMatter   0.593  4.000  
120111     Hippocampus  0.489  12.083 
120111     Thalamus     0.724  9.798  
120111     WhiteMatter  0.786  3.464  
120111-PP  Amygdala     0.450  9.000  
120111-PP  GreyMatter   0.593  4.000  
120111-PP  Hippocampus  0.489  12.083 
120111-PP  Thalamus     0.724  9.798  
120111-PP  WhiteMatter  0.786  3.464  
122317     Amygdala     0.470  12.570 
122317     GreyMatter   0.604  4.000  
122317     Hippocampus  0.496  13.491 
122317     Thalamus     0.762  6.633  
122317     WhiteMatter  0.773  4.123  
122317-PP  Amygdala     0.470  12.570 
122317-PP  GreyMatter   0.604  4.000  
122317-PP  Hippocampus  0.496  13.491 
122317-PP  Thalamus     0.762  6.633  
122317-PP  WhiteMatter  0.773  4.123  
122620     Amygdala     0.497  12.410 
122620     GreyMatter   0.606  5.099  
122620     Hippocampus  0.497  13.928 
122620     Thalamus     0.764  6.000  
122620     WhiteMatter  0.757  6.083  
122620-PP  Amygdala     0.497  12.410 
122620-PP  GreyMatter   0.606  5.099  
122620-PP  Hippocampus  0.497  13.928 
122620-PP  Thalamus     0.764  6.000  
122620-PP  WhiteMatter  0.757  6.083  
123117     Amygdala     0.462  12.410 
123117     GreyMatter   0.617  4.123  
123117     Hippocampus  0.526  12.806 
123117     Thalamus     0.738  8.124  
123117     WhiteMatter  0.777  4.472  
123117-PP  Amygdala     0.462  12.410 
123117-PP  GreyMatter   0.617  4.123  
123117-PP  Hippocampus  0.526  12.806 
123117-PP  Thalamus     0.738  8.124  
123117-PP  WhiteMatter  0.777  4.472  
123925     Amygdala     0.462  11.045 
123925     GreyMatter   0.587  4.359  
123925     Hippocampus  0.494  12.369 
123925     Thalamus     0.783  6.403  
123925     WhiteMatter  0.777  3.742  
123925-PP  Amygdala     0.462  11.045 
123925-PP  GreyMatter   0.587  4.359  
123925-PP  Hippocampus  0.494  12.369 
123925-PP  Thalamus     0.783  6.403  
123925-PP  WhiteMatter  0.777  3.742  
124422     Amygdala     0.548  9.899  
124422     GreyMatter   0.596  4.123  
124422     Hippocampus  0.515  12.042 
124422     Thalamus     0.798  7.616  
124422     WhiteMatter  0.762  4.000  
124422-PP  Amygdala     0.548  9.899  
124422-PP  GreyMatter   0.596  4.123  
124422-PP  Hippocampus  0.515  12.042 
124422-PP  Thalamus     0.798  7.616  
124422-PP  WhiteMatter  0.762  4.000  

Aggregated statistic results...
LABEL        METRIC   STATISTIC  VALUE 
Amygdala     DICE     MEAN       0.468 
Amygdala     DICE     STD        0.039 
Amygdala     HDRFDST  MEAN       11.614
Amygdala     HDRFDST  STD        1.269 
GreyMatter   DICE     MEAN       0.609 
GreyMatter   DICE     STD        0.017 
GreyMatter   HDRFDST  MEAN       3.982 
GreyMatter   HDRFDST  STD        0.493 
Hippocampus  DICE     MEAN       0.500 
Hippocampus  DICE     STD        0.014 
Hippocampus  HDRFDST  MEAN       12.928
Hippocampus  HDRFDST  STD        0.820 
Thalamus     DICE     MEAN       0.759 
Thalamus     DICE     STD        0.020 
Thalamus     HDRFDST  MEAN       7.277 
Thalamus     HDRFDST  STD        1.073 
WhiteMatter  DICE     MEAN       0.770 
WhiteMatter  DICE     STD        0.009 
WhiteMatter  HDRFDST  MEAN       4.221 
WhiteMatter  HDRFDST  STD        0.697 
Experiment exp_00_post_none completed in 347.0 seconds
✅ Experiment 0 completed successfully

============================================================
Running Experiment 1/8: post_default
Description: Default postprocessing (min_size=5, kernel=1)
============================================================
Running experiment: exp_01_post_default
Description: Default postprocessing (min_size=5, kernel=1)
----- Training...
---------- Processing 113922
---------- Processing 100307
---------- Processing 110411
---------- Processing 100408
---------- Processing 101107
---------- Processing 101915
---------- Processing 101309
---------- Processing 108828
---------- Processing 103414
---------- Processing 115320
---------- Processing 103111
---------- Processing 113619
---------- Processing 111312
---------- Processing 106016
---------- Processing 111716
---------- Processing 114419
---------- Processing 116524
---------- Processing 105115
---------- Processing 105014
---------- Processing 103818
Training Random Forest with 100 trees, max_depth=None, max_features=sqrt (out of 7 total features)
 Time elapsed: 1.2011335169663653 s
 Training data cleaned from memory
----- Testing...
---------- Processing 118730
---------- Processing 117122
---------- Processing 120111
---------- Processing 122620
---------- Processing 124422
---------- Processing 118528
---------- Processing 123117
---------- Processing 122317
---------- Processing 123925
---------- Processing 118932
---------- Testing 118730
 Time elapsed: 10.318827469018288 s
---------- Testing 117122
 Time elapsed: 10.298442085040733 s
---------- Testing 120111
 Time elapsed: 10.207998216035776 s
---------- Testing 122620
 Time elapsed: 10.364986625965685 s
---------- Testing 124422
 Time elapsed: 10.259258743957616 s
---------- Testing 118528
 Time elapsed: 10.416764897061512 s
---------- Testing 123117
 Time elapsed: 10.41535509598907 s
---------- Testing 122317
 Time elapsed: 10.39515398896765 s
---------- Testing 123925
 Time elapsed: 10.192627524025738 s
---------- Testing 118932
 Time elapsed: 10.347237775917165 s
---------- Post-processing 118730
---------- Post-processing 117122
---------- Post-processing 120111
---------- Post-processing 122620
---------- Post-processing 124422
---------- Post-processing 118528
---------- Post-processing 123117
---------- Post-processing 122317
---------- Post-processing 123925
---------- Post-processing 118932
Results saved to ./ablation_experiments/exp_01_post_default/2025-10-25-20-17-14/results.csv with 100 measurements

Subject-wise results...
SUBJECT    LABEL        DICE   HDRFDST
117122     Amygdala     0.403  12.961 
117122     GreyMatter   0.599  3.606  
117122     Hippocampus  0.516  13.153 
117122     Thalamus     0.758  6.557  
117122     WhiteMatter  0.770  4.243  
117122-PP  Amygdala     0.380  12.884 
117122-PP  GreyMatter   0.573  5.099  
117122-PP  Hippocampus  0.503  12.369 
117122-PP  Thalamus     0.745  6.403  
117122-PP  WhiteMatter  0.780  4.123  
118528     Amygdala     0.413  13.153 
118528     GreyMatter   0.631  3.606  
118528     Hippocampus  0.500  14.457 
118528     Thalamus     0.755  6.164  
118528     WhiteMatter  0.781  3.742  
118528-PP  Amygdala     0.384  13.000 
118528-PP  GreyMatter   0.602  4.359  
118528-PP  Hippocampus  0.475  13.928 
118528-PP  Thalamus     0.736  6.403  
118528-PP  WhiteMatter  0.794  3.000  
118730     Amygdala     0.474  11.358 
118730     GreyMatter   0.633  3.162  
118730     Hippocampus  0.466  12.083 
118730     Thalamus     0.741  7.071  
118730     WhiteMatter  0.758  4.000  
118730-PP  Amygdala     0.439  11.402 
118730-PP  GreyMatter   0.609  4.583  
118730-PP  Hippocampus  0.437  11.790 
118730-PP  Thalamus     0.724  6.403  
118730-PP  WhiteMatter  0.775  3.464  
118932     Amygdala     0.475  12.000 
118932     GreyMatter   0.640  3.162  
118932     Hippocampus  0.488  12.000 
118932     Thalamus     0.766  5.385  
118932     WhiteMatter  0.771  4.000  
118932-PP  Amygdala     0.446  11.874 
118932-PP  GreyMatter   0.614  5.099  
118932-PP  Hippocampus  0.453  11.180 
118932-PP  Thalamus     0.750  5.099  
118932-PP  WhiteMatter  0.781  4.123  
120111     Amygdala     0.442  9.274  
120111     GreyMatter   0.593  3.742  
120111     Hippocampus  0.486  11.662 
120111     Thalamus     0.726  9.487  
120111     WhiteMatter  0.786  3.162  
120111-PP  Amygdala     0.418  9.274  
120111-PP  GreyMatter   0.567  5.099  
120111-PP  Hippocampus  0.455  11.225 
120111-PP  Thalamus     0.705  9.695  
120111-PP  WhiteMatter  0.791  4.359  
122317     Amygdala     0.461  12.410 
122317     GreyMatter   0.606  3.742  
122317     Hippocampus  0.491  13.416 
122317     Thalamus     0.763  6.403  
122317     WhiteMatter  0.773  4.000  
122317-PP  Amygdala     0.428  12.329 
122317-PP  GreyMatter   0.578  5.000  
122317-PP  Hippocampus  0.465  12.806 
122317-PP  Thalamus     0.745  5.916  
122317-PP  WhiteMatter  0.779  4.690  
122620     Amygdala     0.475  12.689 
122620     GreyMatter   0.607  5.000  
122620     Hippocampus  0.495  13.454 
122620     Thalamus     0.764  5.916  
122620     WhiteMatter  0.757  6.708  
122620-PP  Amygdala     0.444  12.728 
122620-PP  GreyMatter   0.588  5.831  
122620-PP  Hippocampus  0.468  13.038 
122620-PP  Thalamus     0.748  5.657  
122620-PP  WhiteMatter  0.776  4.472  
123117     Amygdala     0.458  12.530 
123117     GreyMatter   0.618  4.000  
123117     Hippocampus  0.520  12.530 
123117     Thalamus     0.740  7.681  
123117     WhiteMatter  0.778  4.583  
123117-PP  Amygdala     0.426  12.166 
123117-PP  GreyMatter   0.589  5.000  
123117-PP  Hippocampus  0.492  12.083 
123117-PP  Thalamus     0.721  7.348  
123117-PP  WhiteMatter  0.783  4.123  
123925     Amygdala     0.463  11.358 
123925     GreyMatter   0.589  4.243  
123925     Hippocampus  0.492  12.207 
123925     Thalamus     0.785  5.657  
123925     WhiteMatter  0.776  4.000  
123925-PP  Amygdala     0.435  11.225 
123925-PP  GreyMatter   0.557  5.099  
123925-PP  Hippocampus  0.466  11.576 
123925-PP  Thalamus     0.770  5.099  
123925-PP  WhiteMatter  0.782  5.000  
124422     Amygdala     0.540  10.050 
124422     GreyMatter   0.597  4.000  
124422     Hippocampus  0.511  11.790 
124422     Thalamus     0.798  5.745  
124422     WhiteMatter  0.764  4.000  
124422-PP  Amygdala     0.507  10.630 
124422-PP  GreyMatter   0.569  4.899  
124422-PP  Hippocampus  0.487  11.045 
124422-PP  Thalamus     0.788  5.385  
124422-PP  WhiteMatter  0.782  3.000  

Aggregated statistic results...
LABEL        METRIC   STATISTIC  VALUE 
Amygdala     DICE     MEAN       0.446 
Amygdala     DICE     STD        0.038 
Amygdala     HDRFDST  MEAN       11.765
Amygdala     HDRFDST  STD        1.159 
GreyMatter   DICE     MEAN       0.598 
GreyMatter   DICE     STD        0.022 
GreyMatter   HDRFDST  MEAN       4.416 
GreyMatter   HDRFDST  STD        0.738 
Hippocampus  DICE     MEAN       0.483 
Hippocampus  DICE     STD        0.022 
Hippocampus  HDRFDST  MEAN       12.390
Hippocampus  HDRFDST  STD        0.920 
Thalamus     DICE     MEAN       0.751 
Thalamus     DICE     STD        0.023 
Thalamus     HDRFDST  MEAN       6.474 
Thalamus     HDRFDST  STD        1.241 
WhiteMatter  DICE     MEAN       0.777 
WhiteMatter  DICE     STD        0.009 
WhiteMatter  HDRFDST  MEAN       4.140 
WhiteMatter  HDRFDST  STD        0.783 
Experiment exp_01_post_default completed in 416.5 seconds
✅ Experiment 1 completed successfully

============================================================
Running Experiment 2/8: post_conservative
Description: Conservative postprocessing (min_size=3, threshold=0.7)
============================================================
Running experiment: exp_02_post_conservative
Description: Conservative postprocessing (min_size=3, threshold=0.7)
----- Training...
---------- Processing 113922
---------- Processing 100307
---------- Processing 110411
---------- Processing 100408
---------- Processing 101107
---------- Processing 101915
---------- Processing 101309
---------- Processing 108828
---------- Processing 103414
---------- Processing 115320
---------- Processing 103111
---------- Processing 113619
---------- Processing 111312
---------- Processing 106016
---------- Processing 111716
---------- Processing 114419
---------- Processing 116524
---------- Processing 105115
---------- Processing 105014
---------- Processing 103818
Training Random Forest with 100 trees, max_depth=None, max_features=sqrt (out of 7 total features)
 Time elapsed: 1.26550463703461 s
 Training data cleaned from memory
----- Testing...
---------- Processing 118730
---------- Processing 117122
---------- Processing 120111
---------- Processing 122620
---------- Processing 124422
---------- Processing 118528
---------- Processing 123117
---------- Processing 122317
---------- Processing 123925
---------- Processing 118932
---------- Testing 118730
 Time elapsed: 10.297008483903483 s
---------- Testing 117122
 Time elapsed: 10.249507526052184 s
---------- Testing 120111
 Time elapsed: 10.291736426064745 s
---------- Testing 122620
 Time elapsed: 10.289430735982023 s
---------- Testing 124422
 Time elapsed: 10.261734921019524 s
---------- Testing 118528
 Time elapsed: 10.367016218951903 s
---------- Testing 123117
 Time elapsed: 10.372410936048254 s
---------- Testing 122317
 Time elapsed: 10.33384781703353 s
---------- Testing 123925
 Time elapsed: 10.299326453008689 s
---------- Testing 118932
 Time elapsed: 10.350849446957 s
---------- Post-processing 118730
---------- Post-processing 117122
---------- Post-processing 120111
---------- Post-processing 122620
---------- Post-processing 124422
---------- Post-processing 118528
---------- Post-processing 123117
---------- Post-processing 122317
---------- Post-processing 123925
---------- Post-processing 118932
Results saved to ./ablation_experiments/exp_02_post_conservative/2025-10-25-20-24-10/results.csv with 100 measurements

Subject-wise results...
SUBJECT    LABEL        DICE   HDRFDST
117122     Amygdala     0.399  12.884 
117122     GreyMatter   0.596  3.742  
117122     Hippocampus  0.518  12.961 
117122     Thalamus     0.766  6.164  
117122     WhiteMatter  0.770  4.123  
117122-PP  Amygdala     0.376  12.570 
117122-PP  GreyMatter   0.571  5.099  
117122-PP  Hippocampus  0.502  12.207 
117122-PP  Thalamus     0.755  6.000  
117122-PP  WhiteMatter  0.780  4.123  
118528     Amygdala     0.411  13.379 
118528     GreyMatter   0.629  3.606  
118528     Hippocampus  0.507  14.177 
118528     Thalamus     0.755  5.831  
118528     WhiteMatter  0.782  3.606  
118528-PP  Amygdala     0.384  13.342 
118528-PP  GreyMatter   0.600  4.472  
118528-PP  Hippocampus  0.477  13.601 
118528-PP  Thalamus     0.739  5.831  
118528-PP  WhiteMatter  0.795  3.162  
118730     Amygdala     0.470  11.000 
118730     GreyMatter   0.631  3.162  
118730     Hippocampus  0.468  12.083 
118730     Thalamus     0.745  6.708  
118730     WhiteMatter  0.758  3.742  
118730-PP  Amygdala     0.440  11.000 
118730-PP  GreyMatter   0.608  4.690  
118730-PP  Hippocampus  0.439  11.446 
118730-PP  Thalamus     0.730  6.633  
118730-PP  WhiteMatter  0.775  3.606  
118932     Amygdala     0.466  12.000 
118932     GreyMatter   0.638  3.162  
118932     Hippocampus  0.491  12.042 
118932     Thalamus     0.772  5.099  
118932     WhiteMatter  0.771  4.000  
118932-PP  Amygdala     0.430  11.874 
118932-PP  GreyMatter   0.613  5.099  
118932-PP  Hippocampus  0.456  11.402 
118932-PP  Thalamus     0.755  5.000  
118932-PP  WhiteMatter  0.781  4.123  
120111     Amygdala     0.437  9.055  
120111     GreyMatter   0.592  3.742  
120111     Hippocampus  0.481  11.402 
120111     Thalamus     0.732  8.602  
120111     WhiteMatter  0.787  3.162  
120111-PP  Amygdala     0.414  8.775  
120111-PP  GreyMatter   0.565  5.000  
120111-PP  Hippocampus  0.449  10.817 
120111-PP  Thalamus     0.714  9.110  
120111-PP  WhiteMatter  0.791  4.123  
122317     Amygdala     0.456  12.689 
122317     GreyMatter   0.606  3.742  
122317     Hippocampus  0.502  13.077 
122317     Thalamus     0.770  6.403  
122317     WhiteMatter  0.775  4.000  
122317-PP  Amygdala     0.432  12.369 
122317-PP  GreyMatter   0.579  5.000  
122317-PP  Hippocampus  0.479  12.369 
122317-PP  Thalamus     0.754  6.164  
122317-PP  WhiteMatter  0.782  4.359  
122620     Amygdala     0.477  12.649 
122620     GreyMatter   0.604  5.000  
122620     Hippocampus  0.500  13.454 
122620     Thalamus     0.770  5.745  
122620     WhiteMatter  0.758  6.083  
122620-PP  Amygdala     0.450  12.369 
122620-PP  GreyMatter   0.586  5.745  
122620-PP  Hippocampus  0.472  13.115 
122620-PP  Thalamus     0.752  5.657  
122620-PP  WhiteMatter  0.777  4.000  
123117     Amygdala     0.455  12.884 
123117     GreyMatter   0.617  4.000  
123117     Hippocampus  0.525  12.083 
123117     Thalamus     0.749  6.403  
123117     WhiteMatter  0.780  4.243  
123117-PP  Amygdala     0.430  12.083 
123117-PP  GreyMatter   0.588  5.000  
123117-PP  Hippocampus  0.498  11.180 
123117-PP  Thalamus     0.727  6.557  
123117-PP  WhiteMatter  0.785  4.000  
123925     Amygdala     0.454  11.358 
123925     GreyMatter   0.587  4.123  
123925     Hippocampus  0.499  12.083 
123925     Thalamus     0.788  5.745  
123925     WhiteMatter  0.777  3.742  
123925-PP  Amygdala     0.430  11.225 
123925-PP  GreyMatter   0.556  5.099  
123925-PP  Hippocampus  0.468  11.358 
123925-PP  Thalamus     0.772  5.831  
123925-PP  WhiteMatter  0.784  4.583  
124422     Amygdala     0.534  10.344 
124422     GreyMatter   0.596  4.123  
124422     Hippocampus  0.519  11.533 
124422     Thalamus     0.806  5.477  
124422     WhiteMatter  0.764  4.000  
124422-PP  Amygdala     0.510  9.950  
124422-PP  GreyMatter   0.569  5.000  
124422-PP  Hippocampus  0.496  10.630 
124422-PP  Thalamus     0.797  5.385  
124422-PP  WhiteMatter  0.783  3.000  

Aggregated statistic results...
LABEL        METRIC   STATISTIC  VALUE 
Amygdala     DICE     MEAN       0.443 
Amygdala     DICE     STD        0.038 
Amygdala     HDRFDST  MEAN       11.690
Amygdala     HDRFDST  STD        1.302 
GreyMatter   DICE     MEAN       0.596 
GreyMatter   DICE     STD        0.022 
GreyMatter   HDRFDST  MEAN       4.430 
GreyMatter   HDRFDST  STD        0.723 
Hippocampus  DICE     MEAN       0.487 
Hippocampus  DICE     STD        0.023 
Hippocampus  HDRFDST  MEAN       12.151
Hippocampus  HDRFDST  STD        0.951 
Thalamus     DICE     MEAN       0.757 
Thalamus     DICE     STD        0.023 
Thalamus     HDRFDST  MEAN       6.217 
Thalamus     HDRFDST  STD        0.997 
WhiteMatter  DICE     MEAN       0.778 
WhiteMatter  DICE     STD        0.010 
WhiteMatter  HDRFDST  MEAN       3.989 
WhiteMatter  HDRFDST  STD        0.623 
Experiment exp_02_post_conservative completed in 413.6 seconds
✅ Experiment 2 completed successfully

============================================================
Running Experiment 3/8: post_aggressive
Description: Aggressive postprocessing (min_size=15, kernel=3)
============================================================
Running experiment: exp_03_post_aggressive
Description: Aggressive postprocessing (min_size=15, kernel=3)
----- Training...
---------- Processing 113922
---------- Processing 100307
---------- Processing 110411
---------- Processing 100408
---------- Processing 101107
---------- Processing 101915
---------- Processing 101309
---------- Processing 108828
---------- Processing 103414
---------- Processing 115320
---------- Processing 103111
---------- Processing 113619
---------- Processing 111312
---------- Processing 106016
---------- Processing 111716
---------- Processing 114419
---------- Processing 116524
---------- Processing 105115
---------- Processing 105014
---------- Processing 103818
Training Random Forest with 100 trees, max_depth=None, max_features=sqrt (out of 7 total features)
 Time elapsed: 1.2545937689719722 s
 Training data cleaned from memory
----- Testing...
---------- Processing 118730
---------- Processing 117122
---------- Processing 120111
---------- Processing 122620
---------- Processing 124422
---------- Processing 118528
---------- Processing 123117
---------- Processing 122317
---------- Processing 123925
---------- Processing 118932
---------- Testing 118730
 Time elapsed: 10.307945895940065 s
---------- Testing 117122
 Time elapsed: 10.32173263002187 s
---------- Testing 120111
 Time elapsed: 10.316902885097079 s
---------- Testing 122620
 Time elapsed: 10.289913450018503 s
---------- Testing 124422
 Time elapsed: 10.278569103917107 s
---------- Testing 118528
 Time elapsed: 10.357831632019952 s
---------- Testing 123117
 Time elapsed: 10.34467682999093 s
---------- Testing 122317
 Time elapsed: 10.321503133978695 s
---------- Testing 123925
 Time elapsed: 10.248042076011188 s
---------- Testing 118932
 Time elapsed: 10.337469038087875 s
---------- Post-processing 118730
---------- Post-processing 117122
---------- Post-processing 120111
---------- Post-processing 122620
---------- Post-processing 124422
---------- Post-processing 118528
---------- Post-processing 123117
---------- Post-processing 122317
---------- Post-processing 123925
---------- Post-processing 118932
Results saved to ./ablation_experiments/exp_03_post_aggressive/2025-10-25-20-31-03/results.csv with 100 measurements

Subject-wise results...
SUBJECT    LABEL        DICE   HDRFDST
117122     Amygdala     0.411  12.728 
117122     GreyMatter   0.597  3.742  
117122     Hippocampus  0.508  13.342 
117122     Thalamus     0.761  6.403  
117122     WhiteMatter  0.770  4.123  
117122-PP  Amygdala     0.384  12.649 
117122-PP  GreyMatter   0.571  5.000  
117122-PP  Hippocampus  0.494  12.689 
117122-PP  Thalamus     0.748  6.164  
117122-PP  WhiteMatter  0.780  4.000  
118528     Amygdala     0.416  13.038 
118528     GreyMatter   0.630  3.606  
118528     Hippocampus  0.493  14.213 
118528     Thalamus     0.758  5.385  
118528     WhiteMatter  0.783  3.606  
118528-PP  Amygdala     0.383  13.077 
118528-PP  GreyMatter   0.601  4.359  
118528-PP  Hippocampus  0.469  13.638 
118528-PP  Thalamus     0.738  5.385  
118528-PP  WhiteMatter  0.797  3.000  
118730     Amygdala     0.481  11.045 
118730     GreyMatter   0.633  3.162  
118730     Hippocampus  0.458  12.207 
118730     Thalamus     0.747  6.403  
118730     WhiteMatter  0.760  4.000  
118730-PP  Amygdala     0.446  11.045 
118730-PP  GreyMatter   0.610  4.690  
118730-PP  Hippocampus  0.427  11.576 
118730-PP  Thalamus     0.734  6.000  
118730-PP  WhiteMatter  0.778  3.317  
118932     Amygdala     0.469  12.042 
118932     GreyMatter   0.638  3.162  
118932     Hippocampus  0.476  12.083 
118932     Thalamus     0.769  5.099  
118932     WhiteMatter  0.771  4.000  
118932-PP  Amygdala     0.433  12.042 
118932-PP  GreyMatter   0.613  5.099  
118932-PP  Hippocampus  0.443  11.576 
118932-PP  Thalamus     0.752  5.099  
118932-PP  WhiteMatter  0.783  4.000  
120111     Amygdala     0.441  9.434  
120111     GreyMatter   0.594  3.742  
120111     Hippocampus  0.471  11.576 
120111     Thalamus     0.736  8.062  
120111     WhiteMatter  0.787  3.162  
120111-PP  Amygdala     0.417  9.434  
120111-PP  GreyMatter   0.567  5.000  
120111-PP  Hippocampus  0.439  11.091 
120111-PP  Thalamus     0.717  8.307  
120111-PP  WhiteMatter  0.793  4.123  
122317     Amygdala     0.462  12.570 
122317     GreyMatter   0.606  3.742  
122317     Hippocampus  0.481  13.077 
122317     Thalamus     0.764  10.000 
122317     WhiteMatter  0.775  4.000  
122317-PP  Amygdala     0.436  12.530 
122317-PP  GreyMatter   0.578  5.000  
122317-PP  Hippocampus  0.457  12.530 
122317-PP  Thalamus     0.749  7.071  
122317-PP  WhiteMatter  0.783  4.583  
122620     Amygdala     0.482  12.329 
122620     GreyMatter   0.606  5.000  
122620     Hippocampus  0.482  13.748 
122620     Thalamus     0.765  5.385  
122620     WhiteMatter  0.758  6.403  
122620-PP  Amygdala     0.459  12.247 
122620-PP  GreyMatter   0.587  5.831  
122620-PP  Hippocampus  0.455  13.038 
122620-PP  Thalamus     0.747  5.196  
122620-PP  WhiteMatter  0.778  4.123  
123117     Amygdala     0.455  12.728 
123117     GreyMatter   0.618  4.000  
123117     Hippocampus  0.510  12.247 
123117     Thalamus     0.745  6.083  
123117     WhiteMatter  0.780  4.243  
123117-PP  Amygdala     0.429  12.329 
123117-PP  GreyMatter   0.588  5.000  
123117-PP  Hippocampus  0.483  11.662 
123117-PP  Thalamus     0.720  5.831  
123117-PP  WhiteMatter  0.786  4.123  
123925     Amygdala     0.456  11.180 
123925     GreyMatter   0.588  4.243  
123925     Hippocampus  0.484  12.042 
123925     Thalamus     0.788  5.385  
123925     WhiteMatter  0.777  3.742  
123925-PP  Amygdala     0.435  11.225 
123925-PP  GreyMatter   0.557  5.099  
123925-PP  Hippocampus  0.454  11.489 
123925-PP  Thalamus     0.772  5.385  
123925-PP  WhiteMatter  0.784  4.583  
124422     Amygdala     0.542  9.434  
124422     GreyMatter   0.595  4.000  
124422     Hippocampus  0.504  12.042 
124422     Thalamus     0.805  5.385  
124422     WhiteMatter  0.765  3.742  
124422-PP  Amygdala     0.509  9.539  
124422-PP  GreyMatter   0.567  5.000  
124422-PP  Hippocampus  0.480  11.180 
124422-PP  Thalamus     0.792  5.196  
124422-PP  WhiteMatter  0.784  3.000  

Aggregated statistic results...
LABEL        METRIC   STATISTIC  VALUE 
Amygdala     DICE     MEAN       0.447 
Amygdala     DICE     STD        0.038 
Amygdala     HDRFDST  MEAN       11.632
Amygdala     HDRFDST  STD        1.241 
GreyMatter   DICE     MEAN       0.597 
GreyMatter   DICE     STD        0.022 
GreyMatter   HDRFDST  MEAN       4.424 
GreyMatter   HDRFDST  STD        0.728 
Hippocampus  DICE     MEAN       0.473 
Hippocampus  DICE     STD        0.023 
Hippocampus  HDRFDST  MEAN       12.352
Hippocampus  HDRFDST  STD        0.880 
Thalamus     DICE     MEAN       0.755 
Thalamus     DICE     STD        0.022 
Thalamus     HDRFDST  MEAN       6.161 
Thalamus     HDRFDST  STD        1.260 
WhiteMatter  DICE     MEAN       0.779 
WhiteMatter  DICE     STD        0.010 
WhiteMatter  HDRFDST  MEAN       3.994 
WhiteMatter  HDRFDST  STD        0.708 
Experiment exp_03_post_aggressive completed in 412.2 seconds
✅ Experiment 3 completed successfully

============================================================
Running Experiment 4/8: post_per_tissue_hippocampus
Description: Per-tissue sizes (hippocampus-focused: Hip=3, Amy=3, WM=20)
============================================================
Running experiment: exp_04_post_per_tissue_hippocampus
Description: Per-tissue sizes (hippocampus-focused: Hip=3, Amy=3, WM=20)
----- Training...
---------- Processing 113922
---------- Processing 100307
---------- Processing 110411
---------- Processing 100408
---------- Processing 101107
---------- Processing 101915
---------- Processing 101309
---------- Processing 108828
---------- Processing 103414
---------- Processing 115320
---------- Processing 103111
---------- Processing 113619
---------- Processing 111312
---------- Processing 106016
---------- Processing 111716
---------- Processing 114419
---------- Processing 116524
---------- Processing 105115
---------- Processing 105014
---------- Processing 103818
Training Random Forest with 100 trees, max_depth=None, max_features=sqrt (out of 7 total features)
 Time elapsed: 1.3997289979597554 s
 Training data cleaned from memory
----- Testing...
---------- Processing 118730
---------- Processing 117122
---------- Processing 120111
---------- Processing 122620
---------- Processing 124422
---------- Processing 118528
---------- Processing 123117
---------- Processing 122317
---------- Processing 123925
---------- Processing 118932
---------- Testing 118730
 Time elapsed: 10.244389815023169 s
---------- Testing 117122
 Time elapsed: 10.18854454997927 s
---------- Testing 120111
 Time elapsed: 10.18389277299866 s
---------- Testing 122620
 Time elapsed: 10.311258692061529 s
---------- Testing 124422
 Time elapsed: 10.252566394978203 s
---------- Testing 118528
 Time elapsed: 10.323553755064495 s
---------- Testing 123117
 Time elapsed: 10.350142456940375 s
---------- Testing 122317
 Time elapsed: 10.206387488986365 s
---------- Testing 123925
 Time elapsed: 10.220299009932205 s
---------- Testing 118932
 Time elapsed: 10.240092762978747 s
---------- Post-processing 118730
---------- Post-processing 117122
---------- Post-processing 120111
---------- Post-processing 122620
---------- Post-processing 124422
---------- Post-processing 118528
---------- Post-processing 123117
---------- Post-processing 122317
---------- Post-processing 123925
---------- Post-processing 118932
Results saved to ./ablation_experiments/exp_04_post_per_tissue_hippocampus/2025-10-25-20-37-56/results.csv with 100 measurements

Subject-wise results...
SUBJECT    LABEL        DICE   HDRFDST
117122     Amygdala     0.383  13.191 
117122     GreyMatter   0.596  3.742  
117122     Hippocampus  0.516  13.077 
117122     Thalamus     0.758  7.810  
117122     WhiteMatter  0.768  4.123  
117122-PP  Amygdala     0.365  13.000 
117122-PP  GreyMatter   0.570  5.099  
117122-PP  Hippocampus  0.505  12.369 
117122-PP  Thalamus     0.745  7.483  
117122-PP  WhiteMatter  0.777  4.123  
118528     Amygdala     0.398  13.601 
118528     GreyMatter   0.630  3.606  
118528     Hippocampus  0.509  14.866 
118528     Thalamus     0.752  6.708  
118528     WhiteMatter  0.781  3.742  
118528-PP  Amygdala     0.376  13.565 
118528-PP  GreyMatter   0.601  4.472  
118528-PP  Hippocampus  0.485  14.213 
118528-PP  Thalamus     0.734  7.348  
118528-PP  WhiteMatter  0.794  3.000  
118730     Amygdala     0.454  12.000 
118730     GreyMatter   0.632  3.162  
118730     Hippocampus  0.470  12.369 
118730     Thalamus     0.743  7.810  
118730     WhiteMatter  0.757  4.000  
118730-PP  Amygdala     0.422  12.042 
118730-PP  GreyMatter   0.608  4.690  
118730-PP  Hippocampus  0.442  11.832 
118730-PP  Thalamus     0.730  7.874  
118730-PP  WhiteMatter  0.774  3.606  
118932     Amygdala     0.443  12.806 
118932     GreyMatter   0.640  3.162  
118932     Hippocampus  0.494  11.705 
118932     Thalamus     0.762  6.557  
118932     WhiteMatter  0.770  4.000  
118932-PP  Amygdala     0.415  12.845 
118932-PP  GreyMatter   0.614  5.099  
118932-PP  Hippocampus  0.463  11.000 
118932-PP  Thalamus     0.744  6.403  
118932-PP  WhiteMatter  0.778  4.123  
120111     Amygdala     0.423  9.695  
120111     GreyMatter   0.595  3.742  
120111     Hippocampus  0.488  11.790 
120111     Thalamus     0.722  9.434  
120111     WhiteMatter  0.788  3.162  
120111-PP  Amygdala     0.403  9.644  
120111-PP  GreyMatter   0.567  5.099  
120111-PP  Hippocampus  0.461  11.045 
120111-PP  Thalamus     0.702  9.849  
120111-PP  WhiteMatter  0.793  4.243  
122317     Amygdala     0.435  13.454 
122317     GreyMatter   0.608  3.742  
122317     Hippocampus  0.497  13.454 
122317     Thalamus     0.761  6.708  
122317     WhiteMatter  0.774  4.000  
122317-PP  Amygdala     0.404  13.266 
122317-PP  GreyMatter   0.578  5.000  
122317-PP  Hippocampus  0.477  12.369 
122317-PP  Thalamus     0.743  6.481  
122317-PP  WhiteMatter  0.779  4.583  
122620     Amygdala     0.456  13.191 
122620     GreyMatter   0.605  5.099  
122620     Hippocampus  0.496  13.638 
122620     Thalamus     0.765  6.708  
122620     WhiteMatter  0.758  6.083  
122620-PP  Amygdala     0.425  13.153 
122620-PP  GreyMatter   0.587  5.831  
122620-PP  Hippocampus  0.473  13.342 
122620-PP  Thalamus     0.749  6.928  
122620-PP  WhiteMatter  0.777  4.123  
123117     Amygdala     0.436  13.000 
123117     GreyMatter   0.618  4.000  
123117     Hippocampus  0.532  12.329 
123117     Thalamus     0.733  8.246  
123117     WhiteMatter  0.779  4.472  
123117-PP  Amygdala     0.410  12.369 
123117-PP  GreyMatter   0.588  5.000  
123117-PP  Hippocampus  0.506  11.576 
123117-PP  Thalamus     0.710  8.544  
123117-PP  WhiteMatter  0.783  4.123  
123925     Amygdala     0.436  11.747 
123925     GreyMatter   0.588  4.123  
123925     Hippocampus  0.489  12.530 
123925     Thalamus     0.781  6.708  
123925     WhiteMatter  0.777  4.000  
123925-PP  Amygdala     0.418  11.662 
123925-PP  GreyMatter   0.557  5.099  
123925-PP  Hippocampus  0.462  12.083 
123925-PP  Thalamus     0.765  7.071  
123925-PP  WhiteMatter  0.782  4.583  
124422     Amygdala     0.523  10.296 
124422     GreyMatter   0.597  4.123  
124422     Hippocampus  0.518  11.533 
124422     Thalamus     0.800  8.544  
124422     WhiteMatter  0.764  4.000  
124422-PP  Amygdala     0.494  10.296 
124422-PP  GreyMatter   0.569  4.899  
124422-PP  Hippocampus  0.494  10.724 
124422-PP  Thalamus     0.790  7.483  
124422-PP  WhiteMatter  0.781  3.000  

Aggregated statistic results...
LABEL        METRIC   STATISTIC  VALUE 
Amygdala     DICE     MEAN       0.426 
Amygdala     DICE     STD        0.037 
Amygdala     HDRFDST  MEAN       12.241
Amygdala     HDRFDST  STD        1.267 
GreyMatter   DICE     MEAN       0.597 
GreyMatter   DICE     STD        0.022 
GreyMatter   HDRFDST  MEAN       4.439 
GreyMatter   HDRFDST  STD        0.736 
Hippocampus  DICE     MEAN       0.489 
Hippocampus  DICE     STD        0.022 
Hippocampus  HDRFDST  MEAN       12.392
Hippocampus  HDRFDST  STD        1.065 
Thalamus     DICE     MEAN       0.750 
Thalamus     DICE     STD        0.024 
Thalamus     HDRFDST  MEAN       7.535 
Thalamus     HDRFDST  STD        0.961 
WhiteMatter  DICE     MEAN       0.777 
WhiteMatter  DICE     STD        0.010 
WhiteMatter  HDRFDST  MEAN       4.054 
WhiteMatter  HDRFDST  STD        0.642 
Experiment exp_04_post_per_tissue_hippocampus completed in 411.8 seconds
✅ Experiment 4 completed successfully

============================================================
Running Experiment 5/8: post_per_tissue_balanced
Description: Per-tissue sizes (balanced: Hip=4, WM=15, GM=8)
============================================================
Running experiment: exp_05_post_per_tissue_balanced
Description: Per-tissue sizes (balanced: Hip=4, WM=15, GM=8)
----- Training...
---------- Processing 113922
---------- Processing 100307
---------- Processing 110411
---------- Processing 100408
---------- Processing 101107
---------- Processing 101915
---------- Processing 101309
---------- Processing 108828
---------- Processing 103414
---------- Processing 115320
---------- Processing 103111
---------- Processing 113619
---------- Processing 111312
---------- Processing 106016
---------- Processing 111716
---------- Processing 114419
---------- Processing 116524
---------- Processing 105115
---------- Processing 105014
---------- Processing 103818
Training Random Forest with 100 trees, max_depth=None, max_features=sqrt (out of 7 total features)
 Time elapsed: 1.4093791480408981 s
 Training data cleaned from memory
----- Testing...
---------- Processing 118730
---------- Processing 117122
---------- Processing 120111
---------- Processing 122620
---------- Processing 124422
---------- Processing 118528
---------- Processing 123117
---------- Processing 122317
---------- Processing 123925
---------- Processing 118932
---------- Testing 118730
 Time elapsed: 10.444016537046991 s
---------- Testing 117122
 Time elapsed: 10.461826237034984 s
---------- Testing 120111
 Time elapsed: 10.494233067962341 s
---------- Testing 122620
 Time elapsed: 10.365468838950619 s
---------- Testing 124422
 Time elapsed: 10.35693868494127 s
---------- Testing 118528
 Time elapsed: 10.42861068493221 s
---------- Testing 123117
 Time elapsed: 10.508721753023565 s
---------- Testing 122317
 Time elapsed: 10.393752736970782 s
---------- Testing 123925
 Time elapsed: 10.47802788799163 s
---------- Testing 118932
 Time elapsed: 10.58341759396717 s
---------- Post-processing 118730
---------- Post-processing 117122
---------- Post-processing 120111
---------- Post-processing 122620
---------- Post-processing 124422
---------- Post-processing 118528
---------- Post-processing 123117
---------- Post-processing 122317
---------- Post-processing 123925
---------- Post-processing 118932
Results saved to ./ablation_experiments/exp_05_post_per_tissue_balanced/2025-10-25-20-44-47/results.csv with 100 measurements

Subject-wise results...
SUBJECT    LABEL        DICE   HDRFDST
117122     Amygdala     0.375  13.342 
117122     GreyMatter   0.598  3.606  
117122     Hippocampus  0.519  13.038 
117122     Thalamus     0.764  6.164  
117122     WhiteMatter  0.769  4.243  
117122-PP  Amygdala     0.358  13.000 
117122-PP  GreyMatter   0.571  5.000  
117122-PP  Hippocampus  0.506  12.369 
117122-PP  Thalamus     0.750  5.916  
117122-PP  WhiteMatter  0.779  4.123  
118528     Amygdala     0.393  13.491 
118528     GreyMatter   0.629  3.606  
118528     Hippocampus  0.508  14.697 
118528     Thalamus     0.751  5.745  
118528     WhiteMatter  0.781  3.742  
118528-PP  Amygdala     0.369  13.153 
118528-PP  GreyMatter   0.600  4.472  
118528-PP  Hippocampus  0.484  13.928 
118528-PP  Thalamus     0.735  5.745  
118528-PP  WhiteMatter  0.794  3.000  
118730     Amygdala     0.442  11.446 
118730     GreyMatter   0.632  3.162  
118730     Hippocampus  0.476  12.410 
118730     Thalamus     0.741  6.708  
118730     WhiteMatter  0.758  4.000  
118730-PP  Amygdala     0.412  11.402 
118730-PP  GreyMatter   0.607  4.690  
118730-PP  Hippocampus  0.448  12.000 
118730-PP  Thalamus     0.727  6.403  
118730-PP  WhiteMatter  0.775  3.317  
118932     Amygdala     0.439  12.369 
118932     GreyMatter   0.639  3.162  
118932     Hippocampus  0.490  12.042 
118932     Thalamus     0.766  5.099  
118932     WhiteMatter  0.771  4.123  
118932-PP  Amygdala     0.411  12.369 
118932-PP  GreyMatter   0.613  5.385  
118932-PP  Hippocampus  0.458  11.576 
118932-PP  Thalamus     0.749  5.000  
118932-PP  WhiteMatter  0.780  4.123  
120111     Amygdala     0.414  9.695  
120111     GreyMatter   0.593  3.606  
120111     Hippocampus  0.482  11.576 
120111     Thalamus     0.720  8.602  
120111     WhiteMatter  0.786  3.162  
120111-PP  Amygdala     0.395  9.849  
120111-PP  GreyMatter   0.567  5.099  
120111-PP  Hippocampus  0.454  10.724 
120111-PP  Thalamus     0.698  8.544  
120111-PP  WhiteMatter  0.791  4.123  
122317     Amygdala     0.433  13.000 
122317     GreyMatter   0.606  3.606  
122317     Hippocampus  0.502  13.601 
122317     Thalamus     0.759  6.481  
122317     WhiteMatter  0.772  4.123  
122317-PP  Amygdala     0.408  12.649 
122317-PP  GreyMatter   0.579  5.000  
122317-PP  Hippocampus  0.476  13.038 
122317-PP  Thalamus     0.740  6.164  
122317-PP  WhiteMatter  0.780  4.899  
122620     Amygdala     0.447  13.000 
122620     GreyMatter   0.606  5.000  
122620     Hippocampus  0.503  13.748 
122620     Thalamus     0.764  5.385  
122620     WhiteMatter  0.757  6.481  
122620-PP  Amygdala     0.418  12.884 
122620-PP  GreyMatter   0.588  5.831  
122620-PP  Hippocampus  0.476  13.153 
122620-PP  Thalamus     0.746  5.385  
122620-PP  WhiteMatter  0.776  4.472  
123117     Amygdala     0.429  13.000 
123117     GreyMatter   0.616  3.742  
123117     Hippocampus  0.524  12.247 
123117     Thalamus     0.741  6.481  
123117     WhiteMatter  0.778  4.690  
123117-PP  Amygdala     0.402  12.247 
123117-PP  GreyMatter   0.587  5.099  
123117-PP  Hippocampus  0.498  11.225 
123117-PP  Thalamus     0.720  6.403  
123117-PP  WhiteMatter  0.783  4.243  
123925     Amygdala     0.429  11.747 
123925     GreyMatter   0.588  4.123  
123925     Hippocampus  0.507  12.207 
123925     Thalamus     0.784  5.477  
123925     WhiteMatter  0.777  4.000  
123925-PP  Amygdala     0.410  11.705 
123925-PP  GreyMatter   0.557  5.099  
123925-PP  Hippocampus  0.474  11.180 
123925-PP  Thalamus     0.767  5.657  
123925-PP  WhiteMatter  0.784  4.899  
124422     Amygdala     0.515  10.440 
124422     GreyMatter   0.597  4.000  
124422     Hippocampus  0.521  12.247 
124422     Thalamus     0.803  5.099  
124422     WhiteMatter  0.764  4.123  
124422-PP  Amygdala     0.484  10.488 
124422-PP  GreyMatter   0.569  4.899  
124422-PP  Hippocampus  0.497  10.817 
124422-PP  Thalamus     0.792  4.690  
124422-PP  WhiteMatter  0.783  3.000  

Aggregated statistic results...
LABEL        METRIC   STATISTIC  VALUE 
Amygdala     DICE     MEAN       0.419 
Amygdala     DICE     STD        0.036 
Amygdala     HDRFDST  MEAN       12.064
Amygdala     HDRFDST  STD        1.146 
GreyMatter   DICE     MEAN       0.597 
GreyMatter   DICE     STD        0.022 
GreyMatter   HDRFDST  MEAN       4.409 
GreyMatter   HDRFDST  STD        0.780 
Hippocampus  DICE     MEAN       0.490 
Hippocampus  DICE     STD        0.022 
Hippocampus  HDRFDST  MEAN       12.391
Hippocampus  HDRFDST  STD        1.053 
Thalamus     DICE     MEAN       0.751 
Thalamus     DICE     STD        0.025 
Thalamus     HDRFDST  MEAN       6.057 
Thalamus     HDRFDST  STD        1.004 
WhiteMatter  DICE     MEAN       0.777 
WhiteMatter  DICE     STD        0.010 
WhiteMatter  HDRFDST  MEAN       4.144 
WhiteMatter  HDRFDST  STD        0.758 
Experiment exp_05_post_per_tissue_balanced completed in 416.2 seconds
✅ Experiment 5 completed successfully

============================================================
Running Experiment 6/8: post_anisotropic
Description: Anisotropic kernel (2,2,1) for thick slices
============================================================
Running experiment: exp_06_post_anisotropic
Description: Anisotropic kernel (2,2,1) for thick slices
----- Training...
---------- Processing 113922
---------- Processing 100307
---------- Processing 110411
---------- Processing 100408
---------- Processing 101107
---------- Processing 101915
---------- Processing 101309
---------- Processing 108828
---------- Processing 103414
---------- Processing 115320
---------- Processing 103111
---------- Processing 113619
---------- Processing 111312
---------- Processing 106016
---------- Processing 111716
---------- Processing 114419
---------- Processing 116524
---------- Processing 105115
---------- Processing 105014
---------- Processing 103818
Training Random Forest with 100 trees, max_depth=None, max_features=sqrt (out of 7 total features)
 Time elapsed: 1.40191085904371 s
 Training data cleaned from memory
----- Testing...
---------- Processing 118730
---------- Processing 117122
---------- Processing 120111
---------- Processing 122620
---------- Processing 124422
---------- Processing 118528
---------- Processing 123117
---------- Processing 122317
---------- Processing 123925
---------- Processing 118932
---------- Testing 118730
 Time elapsed: 10.296280112001114 s
---------- Testing 117122
 Time elapsed: 10.299789188080467 s
---------- Testing 120111
 Time elapsed: 10.261852513998747 s
---------- Testing 122620
 Time elapsed: 10.294798266026191 s
---------- Testing 124422
 Time elapsed: 10.258620287990198 s
---------- Testing 118528
 Time elapsed: 10.30743591405917 s
---------- Testing 123117
 Time elapsed: 10.342073883977719 s
---------- Testing 122317
 Time elapsed: 10.273157050018199 s
---------- Testing 123925
 Time elapsed: 10.276809500996023 s
---------- Testing 118932
 Time elapsed: 10.358684109989554 s
---------- Post-processing 118730
---------- Post-processing 117122
---------- Post-processing 120111
---------- Post-processing 122620
---------- Post-processing 124422
---------- Post-processing 118528
---------- Post-processing 123117
---------- Post-processing 122317
---------- Post-processing 123925
---------- Post-processing 118932
Results saved to ./ablation_experiments/exp_06_post_anisotropic/2025-10-25-20-51-44/results.csv with 100 measurements

Subject-wise results...
SUBJECT    LABEL        DICE   HDRFDST
117122     Amygdala     0.390  12.806 
117122     GreyMatter   0.598  3.742  
117122     Hippocampus  0.521  13.153 
117122     Thalamus     0.762  6.000  
117122     WhiteMatter  0.770  4.123  
117122-PP  Amygdala     0.370  12.728 
117122-PP  GreyMatter   0.571  5.000  
117122-PP  Hippocampus  0.499  12.689 
117122-PP  Thalamus     0.748  5.831  
117122-PP  WhiteMatter  0.780  4.123  
118528     Amygdala     0.401  13.077 
118528     GreyMatter   0.629  3.742  
118528     Hippocampus  0.511  14.595 
118528     Thalamus     0.754  5.385  
118528     WhiteMatter  0.783  3.317  
118528-PP  Amygdala     0.376  13.266 
118528-PP  GreyMatter   0.600  4.472  
118528-PP  Hippocampus  0.485  14.213 
118528-PP  Thalamus     0.737  5.385  
118528-PP  WhiteMatter  0.797  3.000  
118730     Amygdala     0.454  11.402 
118730     GreyMatter   0.632  3.317  
118730     Hippocampus  0.467  12.207 
118730     Thalamus     0.743  6.403  
118730     WhiteMatter  0.760  3.742  
118730-PP  Amygdala     0.425  11.402 
118730-PP  GreyMatter   0.608  4.583  
118730-PP  Hippocampus  0.434  12.000 
118730-PP  Thalamus     0.729  5.916  
118730-PP  WhiteMatter  0.779  3.606  
118932     Amygdala     0.439  12.570 
118932     GreyMatter   0.638  3.317  
118932     Hippocampus  0.489  12.207 
118932     Thalamus     0.765  5.385  
118932     WhiteMatter  0.773  3.742  
118932-PP  Amygdala     0.412  12.689 
118932-PP  GreyMatter   0.612  5.099  
118932-PP  Hippocampus  0.456  11.446 
118932-PP  Thalamus     0.749  5.000  
118932-PP  WhiteMatter  0.784  4.000  
120111     Amygdala     0.419  9.695  
120111     GreyMatter   0.593  4.000  
120111     Hippocampus  0.484  11.576 
120111     Thalamus     0.726  8.124  
120111     WhiteMatter  0.788  3.162  
120111-PP  Amygdala     0.405  9.487  
120111-PP  GreyMatter   0.565  5.000  
120111-PP  Hippocampus  0.451  11.000 
120111-PP  Thalamus     0.709  8.062  
120111-PP  WhiteMatter  0.793  4.123  
122317     Amygdala     0.435  13.000 
122317     GreyMatter   0.607  3.742  
122317     Hippocampus  0.496  13.454 
122317     Thalamus     0.767  6.403  
122317     WhiteMatter  0.777  3.742  
122317-PP  Amygdala     0.414  13.000 
122317-PP  GreyMatter   0.578  5.000  
122317-PP  Hippocampus  0.467  12.845 
122317-PP  Thalamus     0.748  6.325  
122317-PP  WhiteMatter  0.784  4.472  
122620     Amygdala     0.465  12.689 
122620     GreyMatter   0.607  5.000  
122620     Hippocampus  0.498  13.565 
122620     Thalamus     0.766  5.385  
122620     WhiteMatter  0.758  6.000  
122620-PP  Amygdala     0.440  12.689 
122620-PP  GreyMatter   0.587  5.831  
122620-PP  Hippocampus  0.470  13.000 
122620-PP  Thalamus     0.748  5.000  
122620-PP  WhiteMatter  0.779  4.000  
123117     Amygdala     0.442  12.728 
123117     GreyMatter   0.617  4.000  
123117     Hippocampus  0.525  12.083 
123117     Thalamus     0.741  6.403  
123117     WhiteMatter  0.784  4.000  
123117-PP  Amygdala     0.419  12.083 
123117-PP  GreyMatter   0.587  5.000  
123117-PP  Hippocampus  0.496  11.402 
123117-PP  Thalamus     0.723  5.831  
123117-PP  WhiteMatter  0.791  4.123  
123925     Amygdala     0.437  11.314 
123925     GreyMatter   0.587  4.359  
123925     Hippocampus  0.496  12.083 
123925     Thalamus     0.787  5.657  
123925     WhiteMatter  0.780  3.606  
123925-PP  Amygdala     0.414  11.180 
123925-PP  GreyMatter   0.556  5.385  
123925-PP  Hippocampus  0.466  11.790 
123925-PP  Thalamus     0.771  5.196  
123925-PP  WhiteMatter  0.787  4.583  
124422     Amygdala     0.519  9.899  
124422     GreyMatter   0.598  4.123  
124422     Hippocampus  0.515  11.747 
124422     Thalamus     0.805  5.385  
124422     WhiteMatter  0.766  3.742  
124422-PP  Amygdala     0.490  9.950  
124422-PP  GreyMatter   0.569  5.000  
124422-PP  Hippocampus  0.490  10.677 
124422-PP  Thalamus     0.792  5.099  
124422-PP  WhiteMatter  0.786  3.000  

Aggregated statistic results...
LABEL        METRIC   STATISTIC  VALUE 
Amygdala     DICE     MEAN       0.428 
Amygdala     DICE     STD        0.035 
Amygdala     HDRFDST  MEAN       11.883
Amygdala     HDRFDST  STD        1.226 
GreyMatter   DICE     MEAN       0.597 
GreyMatter   DICE     STD        0.022 
GreyMatter   HDRFDST  MEAN       4.486 
GreyMatter   HDRFDST  STD        0.693 
Hippocampus  DICE     MEAN       0.486 
Hippocampus  DICE     STD        0.024 
Hippocampus  HDRFDST  MEAN       12.386
Hippocampus  HDRFDST  STD        1.013 
Thalamus     DICE     MEAN       0.754 
Thalamus     DICE     STD        0.024 
Thalamus     HDRFDST  MEAN       5.909 
Thalamus     HDRFDST  STD        0.858 
WhiteMatter  DICE     MEAN       0.780 
WhiteMatter  DICE     STD        0.010 
WhiteMatter  HDRFDST  MEAN       3.910 
WhiteMatter  HDRFDST  STD        0.641 
Experiment exp_06_post_anisotropic completed in 412.9 seconds
✅ Experiment 6 completed successfully

============================================================
Running Experiment 7/8: post_large_kernel
Description: Large isotropic kernel (3,3,3) with balanced size
============================================================
Running experiment: exp_07_post_large_kernel
Description: Large isotropic kernel (3,3,3) with balanced size
----- Training...
---------- Processing 113922
---------- Processing 100307
---------- Processing 110411
---------- Processing 100408
---------- Processing 101107
---------- Processing 101915
---------- Processing 101309
---------- Processing 108828
---------- Processing 103414
---------- Processing 115320
---------- Processing 103111
---------- Processing 113619
---------- Processing 111312
---------- Processing 106016
---------- Processing 111716
---------- Processing 114419
---------- Processing 116524
---------- Processing 105115
---------- Processing 105014
---------- Processing 103818
Training Random Forest with 100 trees, max_depth=None, max_features=sqrt (out of 7 total features)
 Time elapsed: 1.4093497639987618 s
 Training data cleaned from memory
----- Testing...
---------- Processing 118730
---------- Processing 117122
---------- Processing 120111
---------- Processing 122620
---------- Processing 124422
---------- Processing 118528
---------- Processing 123117
---------- Processing 122317
---------- Processing 123925
---------- Processing 118932
---------- Testing 118730
 Time elapsed: 10.210303206928074 s
---------- Testing 117122
 Time elapsed: 10.222637734026648 s
---------- Testing 120111
 Time elapsed: 10.250708754057996 s
---------- Testing 122620
 Time elapsed: 10.28289060399402 s
---------- Testing 124422
 Time elapsed: 10.22746569791343 s
---------- Testing 118528
 Time elapsed: 10.316557634039782 s
---------- Testing 123117
 Time elapsed: 10.30985643400345 s
---------- Testing 122317
 Time elapsed: 10.291564440936781 s
---------- Testing 123925
 Time elapsed: 10.231750370003283 s
---------- Testing 118932
 Time elapsed: 10.291015518945642 s
---------- Post-processing 118730
---------- Post-processing 117122
---------- Post-processing 120111
---------- Post-processing 122620
---------- Post-processing 124422
---------- Post-processing 118528
---------- Post-processing 123117
---------- Post-processing 122317
---------- Post-processing 123925
---------- Post-processing 118932
Results saved to ./ablation_experiments/exp_07_post_large_kernel/2025-10-25-20-58-36/results.csv with 100 measurements

Subject-wise results...
SUBJECT    LABEL        DICE   HDRFDST
117122     Amygdala     0.396  12.961 
117122     GreyMatter   0.596  4.000  
117122     Hippocampus  0.511  12.689 
117122     Thalamus     0.764  6.000  
117122     WhiteMatter  0.768  4.243  
117122-PP  Amygdala     0.379  12.806 
117122-PP  GreyMatter   0.571  5.000  
117122-PP  Hippocampus  0.496  12.369 
117122-PP  Thalamus     0.751  6.083  
117122-PP  WhiteMatter  0.779  4.000  
118528     Amygdala     0.403  13.038 
118528     GreyMatter   0.629  3.742  
118528     Hippocampus  0.501  14.071 
118528     Thalamus     0.757  5.385  
118528     WhiteMatter  0.780  3.606  
118528-PP  Amygdala     0.379  13.077 
118528-PP  GreyMatter   0.600  4.472  
118528-PP  Hippocampus  0.478  13.748 
118528-PP  Thalamus     0.738  5.477  
118528-PP  WhiteMatter  0.794  3.000  
118730     Amygdala     0.469  11.225 
118730     GreyMatter   0.630  3.464  
118730     Hippocampus  0.466  12.042 
118730     Thalamus     0.747  6.164  
118730     WhiteMatter  0.758  4.000  
118730-PP  Amygdala     0.434  11.358 
118730-PP  GreyMatter   0.607  4.690  
118730-PP  Hippocampus  0.434  11.705 
118730-PP  Thalamus     0.731  6.164  
118730-PP  WhiteMatter  0.776  3.464  
118932     Amygdala     0.461  12.166 
118932     GreyMatter   0.638  3.317  
118932     Hippocampus  0.484  11.489 
118932     Thalamus     0.771  5.099  
118932     WhiteMatter  0.769  4.000  
118932-PP  Amygdala     0.423  12.369 
118932-PP  GreyMatter   0.613  5.099  
118932-PP  Hippocampus  0.452  11.180 
118932-PP  Thalamus     0.755  5.099  
118932-PP  WhiteMatter  0.780  4.123  
120111     Amygdala     0.432  9.381  
120111     GreyMatter   0.592  4.000  
120111     Hippocampus  0.480  11.180 
120111     Thalamus     0.734  7.874  
120111     WhiteMatter  0.786  3.162  
120111-PP  Amygdala     0.406  9.434  
120111-PP  GreyMatter   0.565  5.000  
120111-PP  Hippocampus  0.448  10.817 
120111-PP  Thalamus     0.716  7.810  
120111-PP  WhiteMatter  0.791  4.243  
122317     Amygdala     0.453  12.806 
122317     GreyMatter   0.607  4.000  
122317     Hippocampus  0.487  12.689 
122317     Thalamus     0.766  6.403  
122317     WhiteMatter  0.774  4.123  
122317-PP  Amygdala     0.422  12.806 
122317-PP  GreyMatter   0.578  5.000  
122317-PP  Hippocampus  0.458  12.207 
122317-PP  Thalamus     0.749  6.325  
122317-PP  WhiteMatter  0.781  4.359  
122620     Amygdala     0.473  12.689 
122620     GreyMatter   0.603  5.099  
122620     Hippocampus  0.492  13.565 
122620     Thalamus     0.769  5.196  
122620     WhiteMatter  0.757  6.083  
122620-PP  Amygdala     0.441  12.689 
122620-PP  GreyMatter   0.585  5.916  
122620-PP  Hippocampus  0.464  13.379 
122620-PP  Thalamus     0.752  5.099  
122620-PP  WhiteMatter  0.778  4.123  
123117     Amygdala     0.456  12.450 
123117     GreyMatter   0.616  4.123  
123117     Hippocampus  0.524  11.874 
123117     Thalamus     0.750  5.831  
123117     WhiteMatter  0.779  4.243  
123117-PP  Amygdala     0.433  12.083 
123117-PP  GreyMatter   0.587  5.000  
123117-PP  Hippocampus  0.498  11.533 
123117-PP  Thalamus     0.726  5.745  
123117-PP  WhiteMatter  0.786  4.123  
123925     Amygdala     0.449  11.446 
123925     GreyMatter   0.587  4.359  
123925     Hippocampus  0.486  12.083 
123925     Thalamus     0.791  5.196  
123925     WhiteMatter  0.778  3.606  
123925-PP  Amygdala     0.433  11.489 
123925-PP  GreyMatter   0.556  5.385  
123925-PP  Hippocampus  0.455  11.832 
123925-PP  Thalamus     0.776  5.385  
123925-PP  WhiteMatter  0.785  4.583  
124422     Amygdala     0.533  10.000 
124422     GreyMatter   0.598  4.123  
124422     Hippocampus  0.513  11.180 
124422     Thalamus     0.803  5.099  
124422     WhiteMatter  0.764  4.123  
124422-PP  Amygdala     0.502  9.695  
124422-PP  GreyMatter   0.569  5.000  
124422-PP  Hippocampus  0.490  10.344 
124422-PP  Thalamus     0.791  5.099  
124422-PP  WhiteMatter  0.783  3.000  

Aggregated statistic results...
LABEL        METRIC   STATISTIC  VALUE 
Amygdala     DICE     MEAN       0.439 
Amygdala     DICE     STD        0.037 
Amygdala     HDRFDST  MEAN       11.798
Amygdala     HDRFDST  STD        1.224 
GreyMatter   DICE     MEAN       0.596 
GreyMatter   DICE     STD        0.022 
GreyMatter   HDRFDST  MEAN       4.539 
GreyMatter   HDRFDST  STD        0.666 
Hippocampus  DICE     MEAN       0.481 
Hippocampus  DICE     STD        0.023 
Hippocampus  HDRFDST  MEAN       12.099
Hippocampus  HDRFDST  STD        0.985 
Thalamus     DICE     MEAN       0.757 
Thalamus     DICE     STD        0.022 
Thalamus     HDRFDST  MEAN       5.827 
Thalamus     HDRFDST  STD        0.806 
WhiteMatter  DICE     MEAN       0.777 
WhiteMatter  DICE     STD        0.010 
WhiteMatter  HDRFDST  MEAN       4.010 
WhiteMatter  HDRFDST  STD        0.646 
Experiment exp_07_post_large_kernel completed in 412.2 seconds
✅ Experiment 7 completed successfully

============================================================
Running Experiment 8/8: post_optimal
Description: Optimal combination: per-tissue + anisotropic
============================================================
Running experiment: exp_08_post_optimal
Description: Optimal combination: per-tissue + anisotropic
----- Training...
---------- Processing 113922
---------- Processing 100307
---------- Processing 110411
---------- Processing 100408
---------- Processing 101107
---------- Processing 101915
---------- Processing 101309
---------- Processing 108828
---------- Processing 103414
---------- Processing 115320
---------- Processing 103111
---------- Processing 113619
---------- Processing 111312
---------- Processing 106016
---------- Processing 111716
---------- Processing 114419
---------- Processing 116524
---------- Processing 105115
---------- Processing 105014
---------- Processing 103818
Training Random Forest with 100 trees, max_depth=None, max_features=sqrt (out of 7 total features)
 Time elapsed: 1.2025759669486433 s
 Training data cleaned from memory
----- Testing...
---------- Processing 118730
---------- Processing 117122
---------- Processing 120111
---------- Processing 122620
---------- Processing 124422
---------- Processing 118528
---------- Processing 123117
---------- Processing 122317
---------- Processing 123925
---------- Processing 118932
---------- Testing 118730
 Time elapsed: 10.264102732995525 s
---------- Testing 117122
 Time elapsed: 10.31437894294504 s
---------- Testing 120111
 Time elapsed: 10.317833076929674 s
---------- Testing 122620
 Time elapsed: 10.259196178987622 s
---------- Testing 124422
 Time elapsed: 10.36494480096735 s
---------- Testing 118528
 Time elapsed: 10.34913221502211 s
---------- Testing 123117
 Time elapsed: 10.278020413941704 s
---------- Testing 122317
 Time elapsed: 10.398479827097617 s
---------- Testing 123925
 Time elapsed: 10.342443763976917 s
---------- Testing 118932
 Time elapsed: 10.272808094974607 s
---------- Post-processing 118730
---------- Post-processing 117122
---------- Post-processing 120111
---------- Post-processing 122620
---------- Post-processing 124422
---------- Post-processing 118528
---------- Post-processing 123117
---------- Post-processing 122317
---------- Post-processing 123925
---------- Post-processing 118932
Results saved to ./ablation_experiments/exp_08_post_optimal/2025-10-25-21-05-28/results.csv with 100 measurements

Subject-wise results...
SUBJECT    LABEL        DICE   HDRFDST
117122     Amygdala     0.410  12.689 
117122     GreyMatter   0.599  3.606  
117122     Hippocampus  0.519  13.416 
117122     Thalamus     0.758  6.403  
117122     WhiteMatter  0.769  4.123  
117122-PP  Amygdala     0.390  12.689 
117122-PP  GreyMatter   0.574  5.000  
117122-PP  Hippocampus  0.511  12.689 
117122-PP  Thalamus     0.746  6.403  
117122-PP  WhiteMatter  0.779  4.000  
118528     Amygdala     0.413  13.153 
118528     GreyMatter   0.630  3.606  
118528     Hippocampus  0.512  14.595 
118528     Thalamus     0.756  6.083  
118528     WhiteMatter  0.781  3.606  
118528-PP  Amygdala     0.385  13.153 
118528-PP  GreyMatter   0.602  4.359  
118528-PP  Hippocampus  0.490  14.213 
118528-PP  Thalamus     0.739  5.916  
118528-PP  WhiteMatter  0.794  3.000  
118730     Amygdala     0.481  11.045 
118730     GreyMatter   0.632  3.162  
118730     Hippocampus  0.477  12.247 
118730     Thalamus     0.741  7.000  
118730     WhiteMatter  0.757  4.000  
118730-PP  Amygdala     0.447  11.000 
118730-PP  GreyMatter   0.610  4.583  
118730-PP  Hippocampus  0.450  11.705 
118730-PP  Thalamus     0.724  6.403  
118730-PP  WhiteMatter  0.774  3.317  
118932     Amygdala     0.476  11.874 
118932     GreyMatter   0.638  3.162  
118932     Hippocampus  0.497  12.207 
118932     Thalamus     0.768  5.657  
118932     WhiteMatter  0.769  4.000  
118932-PP  Amygdala     0.444  11.747 
118932-PP  GreyMatter   0.614  5.196  
118932-PP  Hippocampus  0.469  11.662 
118932-PP  Thalamus     0.753  5.385  
118932-PP  WhiteMatter  0.780  4.000  
120111     Amygdala     0.440  9.055  
120111     GreyMatter   0.593  3.742  
120111     Hippocampus  0.487  11.446 
120111     Thalamus     0.728  8.775  
120111     WhiteMatter  0.787  3.162  
120111-PP  Amygdala     0.419  9.165  
120111-PP  GreyMatter   0.568  5.000  
120111-PP  Hippocampus  0.459  10.817 
120111-PP  Thalamus     0.708  9.000  
120111-PP  WhiteMatter  0.792  4.123  
122317     Amygdala     0.458  12.570 
122317     GreyMatter   0.608  3.742  
122317     Hippocampus  0.505  13.153 
122317     Thalamus     0.763  6.403  
122317     WhiteMatter  0.773  4.000  
122317-PP  Amygdala     0.435  12.530 
122317-PP  GreyMatter   0.580  5.000  
122317-PP  Hippocampus  0.486  12.083 
122317-PP  Thalamus     0.748  6.164  
122317-PP  WhiteMatter  0.779  4.243  
122620     Amygdala     0.481  12.369 
122620     GreyMatter   0.605  5.000  
122620     Hippocampus  0.499  13.928 
122620     Thalamus     0.768  5.657  
122620     WhiteMatter  0.756  6.000  
122620-PP  Amygdala     0.454  12.530 
122620-PP  GreyMatter   0.587  5.657  
122620-PP  Hippocampus  0.476  13.638 
122620-PP  Thalamus     0.753  5.385  
122620-PP  WhiteMatter  0.776  4.000  
123117     Amygdala     0.457  12.207 
123117     GreyMatter   0.618  4.000  
123117     Hippocampus  0.535  12.689 
123117     Thalamus     0.740  7.000  
123117     WhiteMatter  0.778  4.243  
123117-PP  Amygdala     0.430  12.000 
123117-PP  GreyMatter   0.590  5.000  
123117-PP  Hippocampus  0.512  11.705 
123117-PP  Thalamus     0.719  6.782  
123117-PP  WhiteMatter  0.783  4.123  
123925     Amygdala     0.466  11.045 
123925     GreyMatter   0.587  4.123  
123925     Hippocampus  0.499  12.247 
123925     Thalamus     0.786  5.831  
123925     WhiteMatter  0.776  3.742  
123925-PP  Amygdala     0.442  11.180 
123925-PP  GreyMatter   0.558  5.000  
123925-PP  Hippocampus  0.473  11.705 
123925-PP  Thalamus     0.771  5.831  
123925-PP  WhiteMatter  0.783  4.583  
124422     Amygdala     0.543  9.849  
124422     GreyMatter   0.596  4.000  
124422     Hippocampus  0.521  12.042 
124422     Thalamus     0.805  5.385  
124422     WhiteMatter  0.762  4.000  
124422-PP  Amygdala     0.516  9.849  
124422-PP  GreyMatter   0.570  4.690  
124422-PP  Hippocampus  0.499  11.314 
124422-PP  Thalamus     0.795  5.000  
124422-PP  WhiteMatter  0.782  3.000  

Aggregated statistic results...
LABEL        METRIC   STATISTIC  VALUE 
Amygdala     DICE     MEAN       0.449 
Amygdala     DICE     STD        0.038 
Amygdala     HDRFDST  MEAN       11.585
Amygdala     HDRFDST  STD        1.240 
GreyMatter   DICE     MEAN       0.598 
GreyMatter   DICE     STD        0.022 
GreyMatter   HDRFDST  MEAN       4.381 
GreyMatter   HDRFDST  STD        0.710 
Hippocampus  DICE     MEAN       0.494 
Hippocampus  DICE     STD        0.021 
Hippocampus  HDRFDST  MEAN       12.475
Hippocampus  HDRFDST  STD        1.013 
Thalamus     DICE     MEAN       0.754 
Thalamus     DICE     STD        0.024 
Thalamus     HDRFDST  MEAN       6.323 
Thalamus     HDRFDST  STD        1.008 
WhiteMatter  DICE     MEAN       0.776 
WhiteMatter  DICE     STD        0.010 
WhiteMatter  HDRFDST  MEAN       3.963 
WhiteMatter  HDRFDST  STD        0.627 
Experiment exp_08_post_optimal completed in 413.8 seconds
✅ Experiment 8 completed successfully

============================================================
ANALYZING RESULTS
============================================================
Loaded 9 experiments for analysis

Analysis complete! Results saved to: ./ablation_experiments/analysis_none

Key files generated:
  📄 component_contributions: component_contributions.png
  📄 pairwise_tests: pairwise_tests.csv
  📄 confidence_intervals: confidence_intervals.csv
  📄 summary_statistics: summary_statistics.csv
  📄 performance_analysis: performance_analysis.json
  📄 overall_performance: overall_performance.png
  📄 component_effects: component_effects.png
  📄 tissue_analysis: tissue_analysis.png
  📄 statistical_significance: statistical_significance.png

🎉 ABLATION STUDY COMPLETED!
============================================================
Study type: postprocessing
Total experiments: 9
Successful: 9
Failed: 0
Results directory: ./ablation_experiments

============================================================
ABLATION STUDY COMPLETED
Results saved to: ./ablation_experiments
============================================================
Done!
