Python: /storage/homefs/ns12l060/.conda/envs/mialab/bin/python
Environment: mialab
Requirement already satisfied: scikit-learn in /storage/homefs/ns12l060/.conda/envs/mialab/lib/python3.14/site-packages (1.7.2)
Requirement already satisfied: pymia in /storage/homefs/ns12l060/.conda/envs/mialab/lib/python3.14/site-packages (0.3.4)
Requirement already satisfied: pathos in /storage/homefs/ns12l060/.conda/envs/mialab/lib/python3.14/site-packages (0.3.4)
Requirement already satisfied: pandas in /storage/homefs/ns12l060/.conda/envs/mialab/lib/python3.14/site-packages (2.3.3)
Collecting matplotlib
  Downloading matplotlib-3.10.7-cp314-cp314-manylinux_2_27_x86_64.manylinux_2_28_x86_64.whl.metadata (11 kB)
Requirement already satisfied: numpy>=1.22.0 in /storage/homefs/ns12l060/.conda/envs/mialab/lib/python3.14/site-packages (from scikit-learn) (2.3.4)
Requirement already satisfied: scipy>=1.8.0 in /storage/homefs/ns12l060/.conda/envs/mialab/lib/python3.14/site-packages (from scikit-learn) (1.16.2)
Requirement already satisfied: joblib>=1.2.0 in /storage/homefs/ns12l060/.conda/envs/mialab/lib/python3.14/site-packages (from scikit-learn) (1.5.2)
Requirement already satisfied: threadpoolctl>=3.1.0 in /storage/homefs/ns12l060/.conda/envs/mialab/lib/python3.14/site-packages (from scikit-learn) (3.6.0)
Requirement already satisfied: h5py>=2.10.0 in /storage/homefs/ns12l060/.conda/envs/mialab/lib/python3.14/site-packages (from pymia) (3.15.1)
Requirement already satisfied: scikit-image>=0.17.2 in /storage/homefs/ns12l060/.conda/envs/mialab/lib/python3.14/site-packages (from pymia) (0.25.2)
Requirement already satisfied: SimpleITK>=1.2.3 in /storage/homefs/ns12l060/.conda/envs/mialab/lib/python3.14/site-packages (from pymia) (2.5.2)
Requirement already satisfied: ppft>=1.7.7 in /storage/homefs/ns12l060/.conda/envs/mialab/lib/python3.14/site-packages (from pathos) (1.7.7)
Requirement already satisfied: dill>=0.4.0 in /storage/homefs/ns12l060/.conda/envs/mialab/lib/python3.14/site-packages (from pathos) (0.4.0)
Requirement already satisfied: pox>=0.3.6 in /storage/homefs/ns12l060/.conda/envs/mialab/lib/python3.14/site-packages (from pathos) (0.3.6)
Requirement already satisfied: multiprocess>=0.70.18 in /storage/homefs/ns12l060/.conda/envs/mialab/lib/python3.14/site-packages (from pathos) (0.70.18)
Requirement already satisfied: python-dateutil>=2.8.2 in /storage/homefs/ns12l060/.conda/envs/mialab/lib/python3.14/site-packages (from pandas) (2.9.0.post0)
Requirement already satisfied: pytz>=2020.1 in /storage/homefs/ns12l060/.conda/envs/mialab/lib/python3.14/site-packages (from pandas) (2025.2)
Requirement already satisfied: tzdata>=2022.7 in /storage/homefs/ns12l060/.conda/envs/mialab/lib/python3.14/site-packages (from pandas) (2025.2)
Collecting contourpy>=1.0.1 (from matplotlib)
  Downloading contourpy-1.3.3-cp314-cp314-manylinux_2_27_x86_64.manylinux_2_28_x86_64.whl.metadata (5.5 kB)
Collecting cycler>=0.10 (from matplotlib)
  Using cached cycler-0.12.1-py3-none-any.whl.metadata (3.8 kB)
Collecting fonttools>=4.22.0 (from matplotlib)
  Downloading fonttools-4.60.1-cp314-cp314-manylinux1_x86_64.manylinux2014_x86_64.manylinux_2_17_x86_64.manylinux_2_5_x86_64.whl.metadata (112 kB)
Collecting kiwisolver>=1.3.1 (from matplotlib)
  Downloading kiwisolver-1.4.9-cp314-cp314-manylinux2014_x86_64.manylinux_2_17_x86_64.whl.metadata (6.3 kB)
Requirement already satisfied: packaging>=20.0 in /storage/homefs/ns12l060/.conda/envs/mialab/lib/python3.14/site-packages (from matplotlib) (25.0)
Requirement already satisfied: pillow>=8 in /storage/homefs/ns12l060/.conda/envs/mialab/lib/python3.14/site-packages (from matplotlib) (12.0.0)
Collecting pyparsing>=3 (from matplotlib)
  Downloading pyparsing-3.2.5-py3-none-any.whl.metadata (5.0 kB)
Requirement already satisfied: six>=1.5 in /storage/homefs/ns12l060/.conda/envs/mialab/lib/python3.14/site-packages (from python-dateutil>=2.8.2->pandas) (1.17.0)
Requirement already satisfied: networkx>=3.0 in /storage/homefs/ns12l060/.conda/envs/mialab/lib/python3.14/site-packages (from scikit-image>=0.17.2->pymia) (3.5)
Requirement already satisfied: imageio!=2.35.0,>=2.33 in /storage/homefs/ns12l060/.conda/envs/mialab/lib/python3.14/site-packages (from scikit-image>=0.17.2->pymia) (2.37.0)
Requirement already satisfied: tifffile>=2022.8.12 in /storage/homefs/ns12l060/.conda/envs/mialab/lib/python3.14/site-packages (from scikit-image>=0.17.2->pymia) (2025.10.16)
Requirement already satisfied: lazy-loader>=0.4 in /storage/homefs/ns12l060/.conda/envs/mialab/lib/python3.14/site-packages (from scikit-image>=0.17.2->pymia) (0.4)
Downloading matplotlib-3.10.7-cp314-cp314-manylinux_2_27_x86_64.manylinux_2_28_x86_64.whl (9.8 MB)
   ━━━━━━━━━━━━━━━━━━━━━━━━━━━━━━━━━━━━━━━━ 9.8/9.8 MB 16.9 MB/s  0:00:00
Downloading contourpy-1.3.3-cp314-cp314-manylinux_2_27_x86_64.manylinux_2_28_x86_64.whl (363 kB)
Using cached cycler-0.12.1-py3-none-any.whl (8.3 kB)
Downloading fonttools-4.60.1-cp314-cp314-manylinux1_x86_64.manylinux2014_x86_64.manylinux_2_17_x86_64.manylinux_2_5_x86_64.whl (4.8 MB)
   ━━━━━━━━━━━━━━━━━━━━━━━━━━━━━━━━━━━━━━━━ 4.8/4.8 MB 12.1 MB/s  0:00:00
Downloading kiwisolver-1.4.9-cp314-cp314-manylinux2014_x86_64.manylinux_2_17_x86_64.whl (1.5 MB)
   ━━━━━━━━━━━━━━━━━━━━━━━━━━━━━━━━━━━━━━━━ 1.5/1.5 MB 8.2 MB/s  0:00:00
Downloading pyparsing-3.2.5-py3-none-any.whl (113 kB)
Installing collected packages: pyparsing, kiwisolver, fonttools, cycler, contourpy, matplotlib

Successfully installed contourpy-1.3.3 cycler-0.12.1 fonttools-4.60.1 kiwisolver-1.4.9 matplotlib-3.10.7 pyparsing-3.2.5
Starting ablation experiments...
Done!
