Python: /storage/homefs/ns12l060/.conda/envs/mialab/bin/python
Environment: mialab
Requirement already satisfied: scikit-learn in /storage/homefs/ns12l060/.conda/envs/mialab/lib/python3.14/site-packages (1.7.2)
Requirement already satisfied: pymia in /storage/homefs/ns12l060/.conda/envs/mialab/lib/python3.14/site-packages (0.3.4)
Requirement already satisfied: pathos in /storage/homefs/ns12l060/.conda/envs/mialab/lib/python3.14/site-packages (0.3.4)
Requirement already satisfied: numpy>=1.22.0 in /storage/homefs/ns12l060/.conda/envs/mialab/lib/python3.14/site-packages (from scikit-learn) (2.3.4)
Requirement already satisfied: scipy>=1.8.0 in /storage/homefs/ns12l060/.conda/envs/mialab/lib/python3.14/site-packages (from scikit-learn) (1.16.2)
Requirement already satisfied: joblib>=1.2.0 in /storage/homefs/ns12l060/.conda/envs/mialab/lib/python3.14/site-packages (from scikit-learn) (1.5.2)
Requirement already satisfied: threadpoolctl>=3.1.0 in /storage/homefs/ns12l060/.conda/envs/mialab/lib/python3.14/site-packages (from scikit-learn) (3.6.0)
Requirement already satisfied: h5py>=2.10.0 in /storage/homefs/ns12l060/.conda/envs/mialab/lib/python3.14/site-packages (from pymia) (3.15.1)
Requirement already satisfied: scikit-image>=0.17.2 in /storage/homefs/ns12l060/.conda/envs/mialab/lib/python3.14/site-packages (from pymia) (0.25.2)
Requirement already satisfied: SimpleITK>=1.2.3 in /storage/homefs/ns12l060/.conda/envs/mialab/lib/python3.14/site-packages (from pymia) (2.5.2)
Requirement already satisfied: ppft>=1.7.7 in /storage/homefs/ns12l060/.conda/envs/mialab/lib/python3.14/site-packages (from pathos) (1.7.7)
Requirement already satisfied: dill>=0.4.0 in /storage/homefs/ns12l060/.conda/envs/mialab/lib/python3.14/site-packages (from pathos) (0.4.0)
Requirement already satisfied: pox>=0.3.6 in /storage/homefs/ns12l060/.conda/envs/mialab/lib/python3.14/site-packages (from pathos) (0.3.6)
Requirement already satisfied: multiprocess>=0.70.18 in /storage/homefs/ns12l060/.conda/envs/mialab/lib/python3.14/site-packages (from pathos) (0.70.18)
Requirement already satisfied: networkx>=3.0 in /storage/homefs/ns12l060/.conda/envs/mialab/lib/python3.14/site-packages (from scikit-image>=0.17.2->pymia) (3.5)
Requirement already satisfied: pillow>=10.1 in /storage/homefs/ns12l060/.conda/envs/mialab/lib/python3.14/site-packages (from scikit-image>=0.17.2->pymia) (12.0.0)
Requirement already satisfied: imageio!=2.35.0,>=2.33 in /storage/homefs/ns12l060/.conda/envs/mialab/lib/python3.14/site-packages (from scikit-image>=0.17.2->pymia) (2.37.0)
Requirement already satisfied: tifffile>=2022.8.12 in /storage/homefs/ns12l060/.conda/envs/mialab/lib/python3.14/site-packages (from scikit-image>=0.17.2->pymia) (2025.10.16)
Requirement already satisfied: packaging>=21 in /storage/homefs/ns12l060/.conda/envs/mialab/lib/python3.14/site-packages (from scikit-image>=0.17.2->pymia) (25.0)
Requirement already satisfied: lazy-loader>=0.4 in /storage/homefs/ns12l060/.conda/envs/mialab/lib/python3.14/site-packages (from scikit-image>=0.17.2->pymia) (0.4)
Starting ablation experiments...
============================================================
STARTING ABLATION STUDY
============================================================
Atlas data: ./data/atlas
Training data: ./data/train
Test data: ./data/test
Optimization: none
Study type: postprocessing
Output directory: ./ablation_experiments
============================================================

Starting postprocessing ablation study...
Optimization level: none
Running 2 experiments...

============================================================
Experiment 0/1: Without postprocessing
============================================================
----- Training...
---------- Processing 113922
---------- Processing 100307
---------- Processing 110411
---------- Processing 100408
---------- Processing 101107
---------- Processing 101915
---------- Processing 101309
---------- Processing 108828
---------- Processing 103414
---------- Processing 115320
---------- Processing 103111
---------- Processing 113619
---------- Processing 111312
---------- Processing 106016
---------- Processing 111716
---------- Processing 114419
---------- Processing 116524
---------- Processing 105115
---------- Processing 105014
---------- Processing 103818
Training Random Forest with 10 trees, max_depth=10, max_features=7 (out of 7 total features)
 Time elapsed: 1.5184162239311263 s
----- Testing...
---------- Processing 118730
---------- Processing 117122
---------- Processing 120111
---------- Processing 122620
---------- Processing 124422
---------- Processing 118528
---------- Processing 123117
---------- Processing 122317
---------- Processing 123925
---------- Processing 118932
---------- Testing 118730
 Time elapsed: 6.48601899005007 s
---------- Testing 117122
 Time elapsed: 6.44097434298601 s
---------- Testing 120111
 Time elapsed: 6.475390768027864 s
---------- Testing 122620
 Time elapsed: 6.471261254046112 s
---------- Testing 124422
 Time elapsed: 6.272740376065485 s
---------- Testing 118528
 Time elapsed: 6.309148575994186 s
---------- Testing 123117
 Time elapsed: 6.334471008973196 s
---------- Testing 122317
 Time elapsed: 6.486638188012876 s
---------- Testing 123925
 Time elapsed: 6.274382757022977 s
---------- Testing 118932
 Time elapsed: 6.652572082937695 s
Done!
